#
# A fatal error has been detected by the Java Runtime Environment:
#
#  SIGSEGV (0xb) at pc=0x00007f3c0f38dfb2, pid=5729, tid=5747
#
# JRE version: Java(TM) SE Runtime Environment (10.0.2+13) (build 10.0.2+13)
# Java VM: Java HotSpot(TM) 64-Bit Server VM (10.0.2+13, mixed mode, tiered, compressed oops, g1 gc, linux-amd64)
# Problematic frame:
# C  [libjimage.so+0x3fb2]  ImageStrings::find(Endian*, char const*, int*, unsigned int)+0x42
#
# Core dump will be written. Default location: Core dumps may be processed with "/usr/share/apport/apport %p %s %c %d %P" (or dumping to /home/administrateur/Bureau/TPprog/InterfaceGraphic/core.5729)
#
# If you would like to submit a bug report, please visit:
#   http://bugreport.java.com/bugreport/crash.jsp
#

---------------  S U M M A R Y ------------

Command Line: -agentlib:jdwp=transport=dt_socket,suspend=y,address=localhost:44953 -javaagent:/home/administrateur/.eclipse/360744347_linux_gtk_x86_64/configuration/org.eclipse.osgi/232/0/.cp/lib/javaagent-shaded.jar -Dfile.encoding=UTF-8 ca.csf.dfc.donnees.tp.main.Main

Host: Intel(R) Core(TM) i7-6700 CPU @ 3.40GHz, 2 cores, 3G, Ubuntu 18.04.1 LTS
Time: Thu Nov 29 16:54:58 2018 EST elapsed time: 104 seconds (0d 0h 1m 44s)

---------------  T H R E A D  ---------------

Current thread (0x00007f3c10144800):  JavaThread "Signal Dispatcher" daemon [_thread_in_vm, id=5747, stack(0x00007f3bda92a000,0x00007f3bdaa2b000)]

Stack: [0x00007f3bda92a000,0x00007f3bdaa2b000],  sp=0x00007f3bdaa281c0,  free space=1016k
Native frames: (J=compiled Java code, A=aot compiled Java code, j=interpreted, Vv=VM code, C=native code)
C  [libjimage.so+0x3fb2]  ImageStrings::find(Endian*, char const*, int*, unsigned int)+0x42
C  [libjimage.so+0x4b8c]  ImageFileReader::find_location_index(char const*, unsigned long long*) const+0x3c
C  [libjimage.so+0x505a]  JIMAGE_FindResource+0xba
V  [libjvm.so+0x5f853e]